[0m08:25:53.391072 [debug] [MainThread]: Sending event: {'category': 'dbt', 'action': 'invocation', 'label': 'start', 'context': [<snowplow_tracker.self_describing_json.SelfDescribingJson object at 0x105bcf280>, <snowplow_tracker.self_describing_json.SelfDescribingJson object at 0x106ada9b0>, <snowplow_tracker.self_describing_json.SelfDescribingJson object at 0x106ada290>]}


============================== 08:25:53.394115 | 7ed80c9f-e075-4c75-8ce3-dfdca7f98097 ==============================
[0m08:25:53.394115 [info ] [MainThread]: Running with dbt=1.9.2
[0m08:25:53.394447 [debug] [MainThread]: running dbt with arguments {'printer_width': '80', 'indirect_selection': 'eager', 'log_cache_events': 'False', 'write_json': 'True', 'partial_parse': 'True', 'cache_selected_only': 'False', 'profiles_dir': '/Users/gahyejeon/.dbt', 'version_check': 'True', 'debug': 'False', 'log_path': 'logs', 'warn_error': 'None', 'fail_fast': 'False', 'use_colors': 'True', 'use_experimental_parser': 'False', 'empty': 'None', 'quiet': 'False', 'no_print': 'None', 'log_format': 'default', 'static_parser': 'True', 'warn_error_options': 'WarnErrorOptions(include=[], exclude=[])', 'invocation_command': 'dbt init rosalyn_proto', 'target_path': 'None', 'introspect': 'True', 'send_anonymous_usage_stats': 'True'}
[0m08:25:53.401880 [debug] [MainThread]: Starter project path: /Users/gahyejeon/Documents/aiPrograms/prototype/prototype-venv/lib/python3.10/site-packages/dbt/include/starter_project
[0m08:25:53.406324 [info ] [MainThread]: 
Your new dbt project "rosalyn_proto" was created!

For more information on how to configure the profiles.yml file,
please consult the dbt documentation here:

  https://docs.getdbt.com/docs/configure-your-profile

One more thing:

Need help? Don't hesitate to reach out to us via GitHub issues or on Slack:

  https://community.getdbt.com/

Happy modeling!

[0m08:25:53.406601 [info ] [MainThread]: Setting up your profile.
[0m08:44:57.233979 [info ] [MainThread]: Profile rosalyn_proto written to /Users/gahyejeon/.dbt/profiles.yml using target's profile_template.yml and your supplied values. Run 'dbt debug' to validate the connection.
[0m08:44:57.359731 [debug] [MainThread]: Resource report: {"command_name": "init", "command_success": true, "command_wall_clock_time": 1143.9885, "process_in_blocks": "0", "process_kernel_time": 0.475857, "process_mem_max_rss": "169213952", "process_out_blocks": "0", "process_user_time": 3.100485}
[0m08:44:57.409518 [debug] [MainThread]: Command `dbt init` succeeded at 08:44:57.372644 after 1144.02 seconds
[0m08:44:57.424059 [debug] [MainThread]: Sending event: {'category': 'dbt', 'action': 'invocation', 'label': 'end', 'context': [<snowplow_tracker.self_describing_json.SelfDescribingJson object at 0x105bcf280>, <snowplow_tracker.self_describing_json.SelfDescribingJson object at 0x106adb490>, <snowplow_tracker.self_describing_json.SelfDescribingJson object at 0x106adb850>]}
[0m08:44:57.430900 [debug] [MainThread]: Flushing usage events
[0m08:44:57.756025 [debug] [MainThread]: An error was encountered while trying to flush usage events
[0m08:59:05.089799 [debug] [MainThread]: Sending event: {'category': 'dbt', 'action': 'invocation', 'label': 'start', 'context': [<snowplow_tracker.self_describing_json.SelfDescribingJson object at 0x1035eb1f0>, <snowplow_tracker.self_describing_json.SelfDescribingJson object at 0x1058ba7a0>, <snowplow_tracker.self_describing_json.SelfDescribingJson object at 0x1058baec0>]}


============================== 08:59:05.093402 | 9eef2500-a9d3-46dc-a7f7-8f780a481b25 ==============================
[0m08:59:05.093402 [info ] [MainThread]: Running with dbt=1.9.2
[0m08:59:05.093742 [debug] [MainThread]: running dbt with arguments {'printer_width': '80', 'indirect_selection': 'eager', 'log_cache_events': 'False', 'write_json': 'True', 'partial_parse': 'True', 'cache_selected_only': 'False', 'profiles_dir': '/Users/gahyejeon/.dbt', 'version_check': 'True', 'debug': 'False', 'log_path': 'logs', 'warn_error': 'None', 'fail_fast': 'False', 'use_colors': 'True', 'use_experimental_parser': 'False', 'no_print': 'None', 'quiet': 'False', 'empty': 'None', 'warn_error_options': 'WarnErrorOptions(include=[], exclude=[])', 'static_parser': 'True', 'log_format': 'default', 'invocation_command': 'dbt debug', 'target_path': 'None', 'introspect': 'True', 'send_anonymous_usage_stats': 'True'}
[0m08:59:05.101708 [info ] [MainThread]: dbt version: 1.9.2
[0m08:59:05.101989 [info ] [MainThread]: python version: 3.10.4
[0m08:59:05.102155 [info ] [MainThread]: python path: /Users/gahyejeon/Documents/aiPrograms/prototype/prototype-venv/bin/python3
[0m08:59:05.102311 [info ] [MainThread]: os info: macOS-12.2.1-arm64-arm-64bit
[0m08:59:05.945992 [info ] [MainThread]: Using profiles dir at /Users/gahyejeon/.dbt
[0m08:59:05.946392 [info ] [MainThread]: Using profiles.yml file at /Users/gahyejeon/.dbt/profiles.yml
[0m08:59:05.946594 [info ] [MainThread]: Using dbt_project.yml file at /Users/gahyejeon/Documents/aiPrograms/prototype/dbt_project.yml
[0m08:59:05.946769 [info ] [MainThread]: adapter type: bigquery
[0m08:59:05.946926 [info ] [MainThread]: adapter version: 1.9.1
[0m08:59:05.947092 [info ] [MainThread]: Configuration:
[0m08:59:05.947235 [info ] [MainThread]:   profiles.yml file [[32mOK found and valid[0m]
[0m08:59:05.947384 [info ] [MainThread]:   dbt_project.yml file [[31mERROR not found[0m]
[0m08:59:05.947523 [info ] [MainThread]: Required dependencies:
[0m08:59:05.947710 [debug] [MainThread]: Executing "git --help"
[0m08:59:05.960158 [debug] [MainThread]: STDOUT: "b"usage: git [--version] [--help] [-C <path>] [-c <name>=<value>]\n           [--exec-path[=<path>]] [--html-path] [--man-path] [--info-path]\n           [-p | --paginate | -P | --no-pager] [--no-replace-objects] [--bare]\n           [--git-dir=<path>] [--work-tree=<path>] [--namespace=<name>]\n           [--super-prefix=<path>] [--config-env=<name>=<envvar>]\n           <command> [<args>]\n\nThese are common Git commands used in various situations:\n\nstart a working area (see also: git help tutorial)\n   clone             Clone a repository into a new directory\n   init              Create an empty Git repository or reinitialize an existing one\n\nwork on the current change (see also: git help everyday)\n   add               Add file contents to the index\n   mv                Move or rename a file, a directory, or a symlink\n   restore           Restore working tree files\n   rm                Remove files from the working tree and from the index\n   sparse-checkout   Initialize and modify the sparse-checkout\n\nexamine the history and state (see also: git help revisions)\n   bisect            Use binary search to find the commit that introduced a bug\n   diff              Show changes between commits, commit and working tree, etc\n   grep              Print lines matching a pattern\n   log               Show commit logs\n   show              Show various types of objects\n   status            Show the working tree status\n\ngrow, mark and tweak your common history\n   branch            List, create, or delete branches\n   commit            Record changes to the repository\n   merge             Join two or more development histories together\n   rebase            Reapply commits on top of another base tip\n   reset             Reset current HEAD to the specified state\n   switch            Switch branches\n   tag               Create, list, delete or verify a tag object signed with GPG\n\ncollaborate (see also: git help workflows)\n   fetch             Download objects and refs from another repository\n   pull              Fetch from and integrate with another repository or a local branch\n   push              Update remote refs along with associated objects\n\n'git help -a' and 'git help -g' list available subcommands and some\nconcept guides. See 'git help <command>' or 'git help <concept>'\nto read about a specific subcommand or concept.\nSee 'git help git' for an overview of the system.\n""
[0m08:59:05.961246 [debug] [MainThread]: STDERR: "b''"
[0m08:59:05.961578 [info ] [MainThread]:  - git [[32mOK found[0m]

[0m08:59:05.961907 [info ] [MainThread]: Connection:
[0m08:59:05.962562 [info ] [MainThread]:   method: service-account
[0m08:59:05.962779 [info ] [MainThread]:   database: prototype-451312
[0m08:59:05.962944 [info ] [MainThread]:   execution_project: prototype-451312
[0m08:59:05.963092 [info ] [MainThread]:   schema: Testing
[0m08:59:05.963239 [info ] [MainThread]:   location: US
[0m08:59:05.963382 [info ] [MainThread]:   priority: interactive
[0m08:59:05.963531 [info ] [MainThread]:   maximum_bytes_billed: None
[0m08:59:05.963676 [info ] [MainThread]:   impersonate_service_account: None
[0m08:59:05.963818 [info ] [MainThread]:   job_retry_deadline_seconds: None
[0m08:59:05.964006 [info ] [MainThread]:   job_retries: 1
[0m08:59:05.964199 [info ] [MainThread]:   job_creation_timeout_seconds: None
[0m08:59:05.964340 [info ] [MainThread]:   job_execution_timeout_seconds: 300
[0m08:59:05.964484 [info ] [MainThread]:   timeout_seconds: 300
[0m08:59:05.964633 [info ] [MainThread]:   client_id: None
[0m08:59:05.964774 [info ] [MainThread]:   token_uri: None
[0m08:59:05.964919 [info ] [MainThread]:   dataproc_region: None
[0m08:59:05.965061 [info ] [MainThread]:   dataproc_cluster_name: None
[0m08:59:05.965201 [info ] [MainThread]:   gcs_bucket: None
[0m08:59:05.965340 [info ] [MainThread]:   dataproc_batch: None
[0m08:59:05.967746 [info ] [MainThread]: Registered adapter: bigquery=1.9.1
[0m08:59:06.215923 [debug] [MainThread]: Acquiring new bigquery connection 'debug'
[0m08:59:06.216418 [debug] [MainThread]: On debug: select 1 as id
[0m08:59:06.216631 [debug] [MainThread]: Opening a new connection, currently in state init
[0m08:59:07.285688 [debug] [MainThread]: BigQuery adapter: https://console.cloud.google.com/bigquery?project=prototype-451312&j=bq:US:d0f2945b-cec3-4ab1-b587-ba17cc03d97d&page=queryresults
[0m08:59:07.783237 [info ] [MainThread]:   Connection test: [[32mOK connection ok[0m]

[0m08:59:07.783960 [info ] [MainThread]: [31m1 check failed:[0m
[0m08:59:07.784218 [info ] [MainThread]: Project loading failed for the following reason:
 project path </Users/gahyejeon/Documents/aiPrograms/prototype/dbt_project.yml> not found

[0m08:59:07.786506 [debug] [MainThread]: Resource report: {"command_name": "debug", "command_success": false, "command_wall_clock_time": 2.7715654, "process_in_blocks": "0", "process_kernel_time": 0.314783, "process_mem_max_rss": "190087168", "process_out_blocks": "0", "process_user_time": 3.397177}
[0m08:59:07.786954 [debug] [MainThread]: Command `dbt debug` failed at 08:59:07.786852 after 2.77 seconds
[0m08:59:07.787268 [debug] [MainThread]: Connection 'debug' was properly closed.
[0m08:59:07.787504 [debug] [MainThread]: Sending event: {'category': 'dbt', 'action': 'invocation', 'label': 'end', 'context': [<snowplow_tracker.self_describing_json.SelfDescribingJson object at 0x1035eb1f0>, <snowplow_tracker.self_describing_json.SelfDescribingJson object at 0x13c1ba680>, <snowplow_tracker.self_describing_json.SelfDescribingJson object at 0x13c1b91e0>]}
[0m08:59:07.787773 [debug] [MainThread]: Flushing usage events
[0m08:59:07.986569 [debug] [MainThread]: An error was encountered while trying to flush usage events
