Raw CSV text: "date;id;text;user_screen_name;favorite_count;bookmark_count;retweet_count;ecosystem\n2025-02-18;1891672349054836898;\"this is the wildest thing i’ve ever heard\n\ndirectly confirmed by meteora and defi tuna on the below recorded call:\n\n>they all worked with celebrities and irl web2 founders to launch tokens\n\n>every big “daily runner” was a farm orchestrated by @hellochow (who was getting 1% kickbacks) and kelsier - set up for “max extraction” - DIRECT QUOTE\n\n>every KOL being talked about is named in"
Processing row: {"date;id;text;user_screen_name;favorite_count;bookmark_count;retweet_count;ecosystem":"2025-02-18;1891672349054836898;\"this is the wildest thing i’ve ever heard"}
Processing row: {"date;id;text;user_screen_name;favorite_count;bookmark_count;retweet_count;ecosystem":""}
Processing row: {"date;id;text;user_screen_name;favorite_count;bookmark_count;retweet_count;ecosystem":"directly confirmed by meteora and defi tuna on the below recorded call:"}
Processing row: {"date;id;text;user_screen_name;favorite_count;bookmark_count;retweet_count;ecosystem":""}
Processing row: {"date;id;text;user_screen_name;favorite_count;bookmark_count;retweet_count;ecosystem":">they all worked with celebrities and irl web2 founders to launch tokens"}
Processing row: {"date;id;text;user_screen_name;favorite_count;bookmark_count;retweet_count;ecosystem":""}
Processing row: {"date;id;text;user_screen_name;favorite_count;bookmark_count;retweet_count;ecosystem":">every big “daily runner” was a farm orchestrated by @hellochow (who was getting 1% kickbacks) and kelsier - set up for “max extraction” - DIRECT QUOTE"}
Processing row: {"date;id;text;user_screen_name;favorite_count;bookmark_count;retweet_count;ecosystem":""}
Processing row: {"date;id;text;user_screen_name;favorite_count;bookmark_count;retweet_count;ecosystem":">every KOL being talked about is named in the video and were given ECA to snipe all of these tokens and many of them met with kelsier to discuss these daily runners"}
Processing row: {"date;id;text;user_screen_name;favorite_count;bookmark_count;retweet_count;ecosystem":""}
Processing row: {"date;id;text;user_screen_name;favorite_count;bookmark_count;retweet_count;ecosystem":"boy have we all been right about this for weeks or what? when something smells rotten it’s rotten\";retardmode;1808;813;222;defi"}
Processing row: {"date;id;text;user_screen_name;favorite_count;bookmark_count;retweet_count;ecosystem":"2025-02-18;1891748600171856333;\"10 DEPIN Projects to look into for Nigerians 🇳🇬"}
Processing row: {"date;id;text;user_screen_name;favorite_count;bookmark_count;retweet_count;ecosystem":"( with potential  $100k gain at TGE )"}
Processing row: {"date;id;text;user_screen_name;favorite_count;bookmark_count;retweet_count;ecosystem":""}
Processing row: {"date;id;text;user_screen_name;favorite_count;bookmark_count;retweet_count;ecosystem":"- Taker"}
Processing row: {"date;id;text;user_screen_name;favorite_count;bookmark_count;retweet_count;ecosystem":"- Naoris Protocol"}
Processing row: {"date;id;text;user_screen_name;favorite_count;bookmark_count;retweet_count;ecosystem":"- Bless network "}
Processing row: {"date;id;text;user_screen_name;favorite_count;bookmark_count;retweet_count;ecosystem":"- Blockmesh"}
Processing row: {"date;id;text;user_screen_name;favorite_count;bookmark_count;retweet_count;ecosystem":"- Dawn"}
Processing row: {"date;id;text;user_screen_name;favorite_count;bookmark_count;retweet_count;ecosystem":"- Gradient"}
Processing row: {"date;id;text;user_screen_name;favorite_count;bookmark_count;retweet_count;ecosystem":"- PIPE network "}
Processing row: {"date;id;text;user_screen_name;favorite_count;bookmark_count;retweet_count;ecosystem":"- DistributeAI"}
Processing row: {"date;id;text;user_screen_name;favorite_count;bookmark_count;retweet_count;ecosystem":"- Public ai"}
Processing row: {"date;id;text;user_screen_name;favorite_count;bookmark_count;retweet_count;ecosystem":"- LayerEdge"}
Processing row: {"date;id;text;user_screen_name;favorite_count;bookmark_count;retweet_count;ecosystem":""}
Processing row: {"date;id;text;user_screen_name;favorite_count;bookmark_count;retweet_count;ecosystem":"Comment others below 👇🏽\";Web3Nigeria;1872;1284;248;depin"}
Processing row: {"date;id;text;user_screen_name;favorite_count;bookmark_count;retweet_count;ecosystem":"2025-02-18;1891873684886827066;\"Gm @ton_blockchain ! "}
Processing row: {"date;id;text;user_screen_name;favorite_count;bookmark_count;retweet_count;ecosystem":"We’re here￼"}
Processing row: {"date;id;text;user_screen_name;favorite_count;bookmark_count;retweet_count;ecosystem":"Let’s make it happen! ￼ "}
Processing row: {"date;id;text;user_screen_name;favorite_count;bookmark_count;retweet_count;ecosystem":""}
Processing row: {"date;id;text;user_screen_name;favorite_count;bookmark_count;retweet_count;ecosystem":"#MetYa #Web3 #TON #SocialFi #DePIN #AiAgent https://t.co/ipkdfwuvIU\";metyacom;1882;24;1879;depin"}
Processing row: {"date;id;text;user_screen_name;favorite_count;bookmark_count;retweet_count;ecosystem":"2025-02-18;1891932414609408431;\"// AGNT XP Surges Past 362K+ Users //"}
Processing row: {"date;id;text;user_screen_name;favorite_count;bookmark_count;retweet_count;ecosystem":""}
Processing row: {"date;id;text;user_screen_name;favorite_count;bookmark_count;retweet_count;ecosystem":"Highlights:"}
Processing row: {"date;id;text;user_screen_name;favorite_count;bookmark_count;retweet_count;ecosystem":""}
Processing row: {"date;id;text;user_screen_name;favorite_count;bookmark_count;retweet_count;ecosystem":"- 30M $AGNT reward pool "}
Processing row: {"date;id;text;user_screen_name;favorite_count;bookmark_count;retweet_count;ecosystem":"- 100K+ users on AGNTxpBot"}
Processing row: {"date;id;text;user_screen_name;favorite_count;bookmark_count;retweet_count;ecosystem":"- AGNT Identity Generator Live"}
Processing row: {"date;id;text;user_screen_name;favorite_count;bookmark_count;retweet_count;ecosystem":"- XP multipliers for top NFT collections"}
Processing row: {"date;id;text;user_screen_name;favorite_count;bookmark_count;retweet_count;ecosystem":""}
Processing row: {"date;id;text;user_screen_name;favorite_count;bookmark_count;retweet_count;ecosystem":"And alliances forged with top L2s"}
Processing row: {"date;id;text;user_screen_name;favorite_count;bookmark_count;retweet_count;ecosystem":""}
Processing row: {"date;id;text;user_screen_name;favorite_count;bookmark_count;retweet_count;ecosystem":"Ready for the next phase?\";iAgentProtocol;5040;23;4027;depin"}
Processing row: {"date;id;text;user_screen_name;favorite_count;bookmark_count;retweet_count;ecosystem":"2025-02-18;1891954107314815036;See what DePIN turn my laptop’s battery to 🥹🥹 https://t.co/YUFJStlFo9;Samtopexchange;2211;128;114;depin"}
Processing row: {"date;id;text;user_screen_name;favorite_count;bookmark_count;retweet_count;ecosystem":"2025-02-18;1891738830534766710;\"How Monad Works"}
Processing row: {"date;id;text;user_screen_name;favorite_count;bookmark_count;retweet_count;ecosystem":""}
Processing row: {"date;id;text;user_screen_name;favorite_count;bookmark_count;retweet_count;ecosystem":"Summary / Network Parameters"}
Processing row: {"date;id;text;user_screen_name;favorite_count;bookmark_count;retweet_count;ecosystem":""}
Processing row: {"date;id;text;user_screen_name;favorite_count;bookmark_count;retweet_count;ecosystem":"- Monad is EVM bytecode-equivalent (you can redeploy bytecode without recompilation)"}
Processing row: {"date;id;text;user_screen_name;favorite_count;bookmark_count;retweet_count;ecosystem":""}
Processing row: {"date;id;text;user_screen_name;favorite_count;bookmark_count;retweet_count;ecosystem":"- Cancun fork (TSTORE"}
Processing row: {"date;id;text;user_screen_name;favorite_count;bookmark_count;retweet_count;ecosystem":""}
Processing row: {"date;id;text;user_screen_name;favorite_count;bookmark_count;retweet_count;ecosystem":"- Opcode to gas units mapping is same as Ethereum (e.g. ADD is 4)"}
Processing row: {"date;id;text;user_screen_name;favorite_count;bookmark_count;retweet_count;ecosystem":""}
Processing row: {"date;id;text;user_screen_name;favorite_count;bookmark_count;retweet_count;ecosystem":"- RPC conforms to geth's RPC interface"}
Processing row: {"date;id;text;user_screen_name;favorite_count;bookmark_count;retweet_count;ecosystem":""}
Processing row: {"date;id;text;user_screen_name;favorite_count;bookmark_count;retweet_count;ecosystem":"- Blocks are every 500 ms"}
Processing row: {"date;id;text;user_screen_name;favorite_count;bookmark_count;retweet_count;ecosystem":""}
Processing row: {"date;id;text;user_screen_name;favorite_count;bookmark_count;retweet_count;ecosystem":"- Finality occurs in 1 second; finality of block N occurs at the proposal of block N+2"}
Processing row: {"date;id;text;user_screen_name;favorite_count;bookmark_count;retweet_count;ecosystem":""}
Processing row: {"date;id;text;user_screen_name;favorite_count;bookmark_count;retweet_count;ecosystem":"- Block gas limit in testnet is 150 million gas"}
Processing row: {"date;id;text;user_screen_name;favorite_count;bookmark_count;retweet_count;ecosystem":""}
Processing row: {"date;id;text;user_screen_name;favorite_count;bookmark_count;retweet_count;ecosystem":"- 100-200 validators expected in consensus"}
Processing row: {"date;id;text;user_screen_name;favorite_count;bookmark_count;retweet_count;ecosystem":""}
Processing row: {"date;id;text;user_screen_name;favorite_count;bookmark_count;retweet_count;ecosystem":"- on Day 1 of testnet"}
Processing row: {"date;id;text;user_screen_name;favorite_count;bookmark_count;retweet_count;ecosystem":""}
Processing row: {"date;id;text;user_screen_name;favorite_count;bookmark_count;retweet_count;ecosystem":"Frugality / Impact on Decentralization"}
Processing row: {"date;id;text;user_screen_name;favorite_count;bookmark_count;retweet_count;ecosystem":""}
Processing row: {"date;id;text;user_screen_name;favorite_count;bookmark_count;retweet_count;ecosystem":"The driving goal of Monad is to have better software algorithms for consensus and execution"}
Processing row: {"date;id;text;user_screen_name;favorite_count;bookmark_count;retweet_count;ecosystem":""}
Processing row: {"date;id;text;user_screen_name;favorite_count;bookmark_count;retweet_count;ecosystem":"These algorithms deliver high performance while relying on nodes with relatively modest hardware:"}
Processing row: {"date;id;text;user_screen_name;favorite_count;bookmark_count;retweet_count;ecosystem":""}
Processing row: {"date;id;text;user_screen_name;favorite_count;bookmark_count;retweet_count;ecosystem":"- 32 GB of RAM"}
Processing row: {"date;id;text;user_screen_name;favorite_count;bookmark_count;retweet_count;ecosystem":"- 2x 2 TB SSDs"}
Processing row: {"date;id;text;user_screen_name;favorite_count;bookmark_count;retweet_count;ecosystem":"- 100 Mbps of bandwidth"}
Processing row: {"date;id;text;user_screen_name;favorite_count;bookmark_count;retweet_count;ecosystem":"- a 16-core 4.5 GHz processor like the AMD Ryzen 7950X"}
Processing row: {"date;id;text;user_screen_name;favorite_count;bookmark_count;retweet_count;ecosystem":""}
Processing row: {"date;id;text;user_screen_name;favorite_count;bookmark_count;retweet_count;ecosystem":"You can assemble this machine for about $1500"}
Processing row: {"date;id;text;user_screen_name;favorite_count;bookmark_count;retweet_count;ecosystem":""}
Processing row: {"date;id;text;user_screen_name;favorite_count;bookmark_count;retweet_count;ecosystem":"These algorithms deliver high performance while maintaining a fully-globally-distributed validator set and stake weight distribution"}
Processing row: {"date;id;text;user_screen_name;favorite_count;bookmark_count;retweet_count;ecosystem":""}
Processing row: {"date;id;text;user_screen_name;favorite_count;bookmark_count;retweet_count;ecosystem":"There isn’t a reliance on a supermajority in one geographic region - one would think this is an obvious expectation but many “high-performance” L1s actually derive their performance from having a supermajority of stake weight in close proximity "}
Processing row: {"date;id;text;user_screen_name;favorite_count;bookmark_count;retweet_count;ecosystem":""}
Processing row: {"date;id;text;user_screen_name;favorite_count;bookmark_count;retweet_count;ecosystem":"Node"}
Processing row: {"date;id;text;user_screen_name;favorite_count;bookmark_count;retweet_count;ecosystem":""}
Processing row: {"date;id;text;user_screen_name;favorite_count;bookmark_count;retweet_count;ecosystem":"Monad node has 3 components:"}
Processing row: {"date;id;text;user_screen_name;favorite_count;bookmark_count;retweet_count;ecosystem":"- monad-bft [consensus]"}
Processing row: {"date;id;text;user_screen_name;favorite_count;bookmark_count;retweet_count;ecosystem":"- monad-execution [execution + state]"}
Processing row: {"date;id;text;user_screen_name;favorite_count;bookmark_count;retweet_count;ecosystem":"- monad-rpc [handling user reads/writes]"}
Processing row: {"date;id;text;user_screen_name;favorite_count;bookmark_count;retweet_count;ecosystem":""}
Processing row: {"date;id;text;user_screen_name;favorite_count;bookmark_count;retweet_count;ecosystem":"- Network is 100-200 voting nodes (we’ll call them “validators” for the rest of this doc)"}
Processing row: {"date;id;text;user_screen_name;favorite_count;bookmark_count;retweet_count;ecosystem":""}
Processing row: {"date;id;text;user_screen_name;favorite_count;bookmark_count;retweet_count;ecosystem":"- Non-voting full nodes listen to network traffic"}
Processing row: {"date;id;text;user_screen_name;favorite_count;bookmark_count;retweet_count;ecosystem":""}
Processing row: {"date;id;text;user_screen_name;favorite_count;bookmark_count;retweet_count;ecosystem":"- All nodes execute all transactions and have full state"}
Processing row: {"date;id;text;user_screen_name;favorite_count;bookmark_count;retweet_count;ecosystem":""}
Processing row: {"date;id;text;user_screen_name;favorite_count;bookmark_count;retweet_count;ecosystem":"Consensus Mechanism"}
Processing row: {"date;id;text;user_screen_name;favorite_count;bookmark_count;retweet_count;ecosystem":""}
Processing row: {"date;id;text;user_screen_name;favorite_count;bookmark_count;retweet_count;ecosystem":"Overall consensus mechanism is MonadBFT."}
Processing row: {"date;id;text;user_screen_name;favorite_count;bookmark_count;retweet_count;ecosystem":""}
Processing row: {"date;id;text;user_screen_name;favorite_count;bookmark_count;retweet_count;ecosystem":"MonadBFT has linear communication complexity which allows it to scale to far more nodes than quadratic-complexity algorithms like CometBFT"}
Processing row: {"date;id;text;user_screen_name;favorite_count;bookmark_count;retweet_count;ecosystem":""}
Processing row: {"date;id;text;user_screen_name;favorite_count;bookmark_count;retweet_count;ecosystem":"In the happy path"}
Processing row: {"date;id;text;user_screen_name;favorite_count;bookmark_count;retweet_count;ecosystem":" "}
Processing row: {"date;id;text;user_screen_name;favorite_count;bookmark_count;retweet_count;ecosystem":"- Leader (Alice) broadcasts a signed block proposal to all other nodes (fan out)"}
Processing row: {"date;id;text;user_screen_name;favorite_count;bookmark_count;retweet_count;ecosystem":""}
Processing row: {"date;id;text;user_screen_name;favorite_count;bookmark_count;retweet_count;ecosystem":"- Bob aggregates the attestations into a “Quorum Certificate” (QC)"}
Processing row: {"date;id;text;user_screen_name;favorite_count;bookmark_count;retweet_count;ecosystem":""}
Processing row: {"date;id;text;user_screen_name;favorite_count;bookmark_count;retweet_count;ecosystem":"- Attestation signatures use the BLS signature scheme for ease of aggregation"}
Processing row: {"date;id;text;user_screen_name;favorite_count;bookmark_count;retweet_count;ecosystem":""}
Processing row: {"date;id;text;user_screen_name;favorite_count;bookmark_count;retweet_count;ecosystem":"- Bob broadcasts the QC to all the nodes"}
Processing row: {"date;id;text;user_screen_name;favorite_count;bookmark_count;retweet_count;ecosystem":""}
Processing row: {"date;id;text;user_screen_name;favorite_count;bookmark_count;retweet_count;ecosystem":"- Charlie sends the QC-on-QC to everyone. Upon receiving the QC-on-QC"}
Processing row: {"date;id;text;user_screen_name;favorite_count;bookmark_count;retweet_count;ecosystem":""}
Processing row: {"date;id;text;user_screen_name;favorite_count;bookmark_count;retweet_count;ecosystem":"In the above story"}
Processing row: {"date;id;text;user_screen_name;favorite_count;bookmark_count;retweet_count;ecosystem":""}
Processing row: {"date;id;text;user_screen_name;favorite_count;bookmark_count;retweet_count;ecosystem":"- Bob’s message contains both the QC for Alice’s block and also the contents of a new block. "}
Processing row: {"date;id;text;user_screen_name;favorite_count;bookmark_count;retweet_count;ecosystem":""}
Processing row: {"date;id;text;user_screen_name;favorite_count;bookmark_count;retweet_count;ecosystem":"- Charlie’s message contains the QC for Bob’s block (which is a QC-on-QC for Alice’s block) and also contains the transactions for a new block "}
Processing row: {"date;id;text;user_screen_name;favorite_count;bookmark_count;retweet_count;ecosystem":""}
Processing row: {"date;id;text;user_screen_name;favorite_count;bookmark_count;retweet_count;ecosystem":"When validators send an attestation for Bob’s message they are attesting to both the validity of Bob’s block and the validity of the QC"}
Processing row: {"date;id;text;user_screen_name;favorite_count;bookmark_count;retweet_count;ecosystem":""}
Processing row: {"date;id;text;user_screen_name;favorite_count;bookmark_count;retweet_count;ecosystem":"This pipelining raises the throughput of the network since every slot a new block gets produced."}
Processing row: {"date;id;text;user_screen_name;favorite_count;bookmark_count;retweet_count;ecosystem":""}
Processing row: {"date;id;text;user_screen_name;favorite_count;bookmark_count;retweet_count;ecosystem":"The below diagram shows how MonadBFT reaches consensus. Pipelining is tracked at the top:"}
Processing row: {"date;id;text;user_screen_name;favorite_count;bookmark_count;retweet_count;ecosystem":""}
Processing row: {"date;id;text;user_screen_name;favorite_count;bookmark_count;retweet_count;ecosystem":"See the docs for a fuller description. Obvious questions addressed there are:"}
Processing row: {"date;id;text;user_screen_name;favorite_count;bookmark_count;retweet_count;ecosystem":""}
Processing row: {"date;id;text;user_screen_name;favorite_count;bookmark_count;retweet_count;ecosystem":"- How the network handles the unhappy path where Bob doesn’t get enough a supermajority of attestations"}
Processing row: {"date;id;text;user_screen_name;favorite_count;bookmark_count;retweet_count;ecosystem":""}
Processing row: {"date;id;text;user_screen_name;favorite_count;bookmark_count;retweet_count;ecosystem":"- How the above mechanism results in nodes being sure that the block has been finalized once they have received the QC-on-QC"}
Processing row: {"date;id;text;user_screen_name;favorite_count;bookmark_count;retweet_count;ecosystem":""}
Processing row: {"date;id;text;user_screen_name;favorite_count;bookmark_count;retweet_count;ecosystem":"RaptorCast"}
Processing row: {"date;id;text;user_screen_name;favorite_count;bookmark_count;retweet_count;ecosystem":""}
Processing row: {"date;id;text;user_screen_name;favorite_count;bookmark_count;retweet_count;ecosystem":"MonadBFT requires the leader to directly send blocks to every validator"}
Processing row: {"date;id;text;user_screen_name;favorite_count;bookmark_count;retweet_count;ecosystem":""}
Processing row: {"date;id;text;user_screen_name;favorite_count;bookmark_count;retweet_count;ecosystem":"However"}
Processing row: {"date;id;text;user_screen_name;favorite_count;bookmark_count;retweet_count;ecosystem":""}
Processing row: {"date;id;text;user_screen_name;favorite_count;bookmark_count;retweet_count;ecosystem":"We don’t want validators to have to have such high upload bandwidth"}
Processing row: {"date;id;text;user_screen_name;favorite_count;bookmark_count;retweet_count;ecosystem":""}
Processing row: {"date;id;text;user_screen_name;favorite_count;bookmark_count;retweet_count;ecosystem":"RaptorCast is a specialized messaging protocol which solves this problem"}
Processing row: {"date;id;text;user_screen_name;favorite_count;bookmark_count;retweet_count;ecosystem":""}
Processing row: {"date;id;text;user_screen_name;favorite_count;bookmark_count;retweet_count;ecosystem":"In RaptorCast"}
Processing row: {"date;id;text;user_screen_name;favorite_count;bookmark_count;retweet_count;ecosystem":""}
Processing row: {"date;id;text;user_screen_name;favorite_count;bookmark_count;retweet_count;ecosystem":"In erasure coding"}
Processing row: {"date;id;text;user_screen_name;favorite_count;bookmark_count;retweet_count;ecosystem":""}
Processing row: {"date;id;text;user_screen_name;favorite_count;bookmark_count;retweet_count;ecosystem":"For example"}
Processing row: {"date;id;text;user_screen_name;favorite_count;bookmark_count;retweet_count;ecosystem":""}
Processing row: {"date;id;text;user_screen_name;favorite_count;bookmark_count;retweet_count;ecosystem":"RaptorCast uses a variant of Raptor codes as the encoding mechanism"}
Processing row: {"date;id;text;user_screen_name;favorite_count;bookmark_count;retweet_count;ecosystem":""}
Processing row: {"date;id;text;user_screen_name;favorite_count;bookmark_count;retweet_count;ecosystem":"In RaptorCast"}
Processing row: {"date;id;text;user_screen_name;favorite_count;bookmark_count;retweet_count;ecosystem":""}
Processing row: {"date;id;text;user_screen_name;favorite_count;bookmark_count;retweet_count;ecosystem":"That is"}
Processing row: {"date;id;text;user_screen_name;favorite_count;bookmark_count;retweet_count;ecosystem":""}
Processing row: {"date;id;text;user_screen_name;favorite_count;bookmark_count;retweet_count;ecosystem":"Validators are assigned chunks prorata to their stake weight"}
Processing row: {"date;id;text;user_screen_name;favorite_count;bookmark_count;retweet_count;ecosystem":""}
Processing row: {"date;id;text;user_screen_name;favorite_count;bookmark_count;retweet_count;ecosystem":"Here's a diagram showing the RaptorCast protocol: each validator serves as a first-hop recipient for a range of chunks"}
Processing row: {"date;id;text;user_screen_name;favorite_count;bookmark_count;retweet_count;ecosystem":""}
Processing row: {"date;id;text;user_screen_name;favorite_count;bookmark_count;retweet_count;ecosystem":"Raptorcast properties:"}
Processing row: {"date;id;text;user_screen_name;favorite_count;bookmark_count;retweet_count;ecosystem":""}
Processing row: {"date;id;text;user_screen_name;favorite_count;bookmark_count;retweet_count;ecosystem":"- Using the two-level broadcast tree ensures that message delivery occurs within 2x the longest hop"}
Processing row: {"date;id;text;user_screen_name;favorite_count;bookmark_count;retweet_count;ecosystem":""}
Processing row: {"date;id;text;user_screen_name;favorite_count;bookmark_count;retweet_count;ecosystem":"- Upload bandwidth for the leader is limited to the block size times the replication factor (roughly 2)"}
Processing row: {"date;id;text;user_screen_name;favorite_count;bookmark_count;retweet_count;ecosystem":""}
Processing row: {"date;id;text;user_screen_name;favorite_count;bookmark_count;retweet_count;ecosystem":"- Since chunks are assigned pro-rata to stake weight"}
Processing row: {"date;id;text;user_screen_name;favorite_count;bookmark_count;retweet_count;ecosystem":""}
Processing row: {"date;id;text;user_screen_name;favorite_count;bookmark_count;retweet_count;ecosystem":"Transaction Lifecycle"}
Processing row: {"date;id;text;user_screen_name;favorite_count;bookmark_count;retweet_count;ecosystem":""}
Processing row: {"date;id;text;user_screen_name;favorite_count;bookmark_count;retweet_count;ecosystem":"- User submits pending transaction to RPC node"}
Processing row: {"date;id;text;user_screen_name;favorite_count;bookmark_count;retweet_count;ecosystem":""}
Processing row: {"date;id;text;user_screen_name;favorite_count;bookmark_count;retweet_count;ecosystem":"- RPC node sends pending transaction to next 3 leaders based on the leader schedule"}
Processing row: {"date;id;text;user_screen_name;favorite_count;bookmark_count;retweet_count;ecosystem":""}
Processing row: {"date;id;text;user_screen_name;favorite_count;bookmark_count;retweet_count;ecosystem":"- Pending transaction gets added to those leaders’ local mempools"}
Processing row: {"date;id;text;user_screen_name;favorite_count;bookmark_count;retweet_count;ecosystem":""}
Processing row: {"date;id;text;user_screen_name;favorite_count;bookmark_count;retweet_count;ecosystem":"- Leader adds transaction to their block as they see fit [default: they order by descending fee-per-gas-unit"}
Processing row: {"date;id;text;user_screen_name;favorite_count;bookmark_count;retweet_count;ecosystem":""}
Processing row: {"date;id;text;user_screen_name;favorite_count;bookmark_count;retweet_count;ecosystem":"- Leader proposes block"}
Processing row: {"date;id;text;user_screen_name;favorite_count;bookmark_count;retweet_count;ecosystem":""}
Processing row: {"date;id;text;user_screen_name;favorite_count;bookmark_count;retweet_count;ecosystem":"Note: directly forwarding to upcoming leaders (as opposed to flood forwarding to all nodes) greatly reduces traffic. Flood forwarding would take up the entire bandwidth"}
Processing row: {"date;id;text;user_screen_name;favorite_count;bookmark_count;retweet_count;ecosystem":""}
Processing row: {"date;id;text;user_screen_name;favorite_count;bookmark_count;retweet_count;ecosystem":"Note: in the future"}
Processing row: {"date;id;text;user_screen_name;favorite_count;bookmark_count;retweet_count;ecosystem":""}
Processing row: {"date;id;text;user_screen_name;favorite_count;bookmark_count;retweet_count;ecosystem":"Leader Election"}
Processing row: {"date;id;text;user_screen_name;favorite_count;bookmark_count;retweet_count;ecosystem":""}
Processing row: {"date;id;text;user_screen_name;favorite_count;bookmark_count;retweet_count;ecosystem":"- Leaders in the current testnet are permissioned. Staking will be added shortly"}
Processing row: {"date;id;text;user_screen_name;favorite_count;bookmark_count;retweet_count;ecosystem":""}
Processing row: {"date;id;text;user_screen_name;favorite_count;bookmark_count;retweet_count;ecosystem":"- An epoch occurs roughly once per day. Validator stake weights are locked in one epoch ahead (i.e. any changes for epoch N+1 must be registered prior to the start of epoch N)"}
Processing row: {"date;id;text;user_screen_name;favorite_count;bookmark_count;retweet_count;ecosystem":""}
Processing row: {"date;id;text;user_screen_name;favorite_count;bookmark_count;retweet_count;ecosystem":"- At the start of each epoch"}
Processing row: {"date;id;text;user_screen_name;favorite_count;bookmark_count;retweet_count;ecosystem":""}
Processing row: {"date;id;text;user_screen_name;favorite_count;bookmark_count;retweet_count;ecosystem":"Asynchronous Execution"}
Processing row: {"date;id;text;user_screen_name;favorite_count;bookmark_count;retweet_count;ecosystem":""}
Processing row: {"date;id;text;user_screen_name;favorite_count;bookmark_count;retweet_count;ecosystem":"Monad pipelines consensus and execution"}
Processing row: {"date;id;text;user_screen_name;favorite_count;bookmark_count;retweet_count;ecosystem":""}
Processing row: {"date;id;text;user_screen_name;favorite_count;bookmark_count;retweet_count;ecosystem":"- Consensus is reached prior to execution "}
Processing row: {"date;id;text;user_screen_name;favorite_count;bookmark_count;retweet_count;ecosystem":""}
Processing row: {"date;id;text;user_screen_name;favorite_count;bookmark_count;retweet_count;ecosystem":"- Leader & validators check transaction validity (valid signature; valid nonce; submitter can pay for the data cost of the transaction being transmitted)"}
Processing row: {"date;id;text;user_screen_name;favorite_count;bookmark_count;retweet_count;ecosystem":""}
Processing row: {"date;id;text;user_screen_name;favorite_count;bookmark_count;retweet_count;ecosystem":"- After a block is finalized"}
Processing row: {"date;id;text;user_screen_name;favorite_count;bookmark_count;retweet_count;ecosystem":""}
Processing row: {"date;id;text;user_screen_name;favorite_count;bookmark_count;retweet_count;ecosystem":"This is in contrast to most blockchains"}
Processing row: {"date;id;text;user_screen_name;favorite_count;bookmark_count;retweet_count;ecosystem":""}
Processing row: {"date;id;text;user_screen_name;favorite_count;bookmark_count;retweet_count;ecosystem":"One way to understand the impact of asynchronous execution is to recognize that"}
Processing row: {"date;id;text;user_screen_name;favorite_count;bookmark_count;retweet_count;ecosystem":""}
Processing row: {"date;id;text;user_screen_name;favorite_count;bookmark_count;retweet_count;ecosystem":"For a 500 ms block time"}
Processing row: {"date;id;text;user_screen_name;favorite_count;bookmark_count;retweet_count;ecosystem":""}
Processing row: {"date;id;text;user_screen_name;favorite_count;bookmark_count;retweet_count;ecosystem":"The below diagram contrasts interleaved execution with asynchronous execution. Blue rectangles correspond to time spent on execution while orange rectangles correspond to time spent on consensus."}
Processing row: {"date;id;text;user_screen_name;favorite_count;bookmark_count;retweet_count;ecosystem":""}
Processing row: {"date;id;text;user_screen_name;favorite_count;bookmark_count;retweet_count;ecosystem":"The budget for execution is much larger in async execution."}
Processing row: {"date;id;text;user_screen_name;favorite_count;bookmark_count;retweet_count;ecosystem":""}
Processing row: {"date;id;text;user_screen_name;favorite_count;bookmark_count;retweet_count;ecosystem":"Delayed merkle root"}
Processing row: {"date;id;text;user_screen_name;favorite_count;bookmark_count;retweet_count;ecosystem":""}
Processing row: {"date;id;text;user_screen_name;favorite_count;bookmark_count;retweet_count;ecosystem":"Due to async execution"}
Processing row: {"date;id;text;user_screen_name;favorite_count;bookmark_count;retweet_count;ecosystem":""}
Processing row: {"date;id;text;user_screen_name;favorite_count;bookmark_count;retweet_count;ecosystem":"All nodes should stay in sync because they’re all starting from the same point and doing the same work. "}
Processing row: {"date;id;text;user_screen_name;favorite_count;bookmark_count;retweet_count;ecosystem":""}
Processing row: {"date;id;text;user_screen_name;favorite_count;bookmark_count;retweet_count;ecosystem":"But it’d be nice to be sure! As a precaution"}
Processing row: {"date;id;text;user_screen_name;favorite_count;bookmark_count;retweet_count;ecosystem":""}
Processing row: {"date;id;text;user_screen_name;favorite_count;bookmark_count;retweet_count;ecosystem":"If any of the validators makes a computation error (cosmic rays?) when computing the state root at block N"}
Processing row: {"date;id;text;user_screen_name;favorite_count;bookmark_count;retweet_count;ecosystem":"The validator then needs to wait until N+D+2 to see if 2/3 of the stake weight finalizes the block proposal at N+D (in which case the local node made an error) or if the block gets rejected (in which case the leader made the error)."}
Processing row: {"date;id;text;user_screen_name;favorite_count;bookmark_count;retweet_count;ecosystem":""}
Processing row: {"date;id;text;user_screen_name;favorite_count;bookmark_count;retweet_count;ecosystem":"Block stages"}
Processing row: {"date;id;text;user_screen_name;favorite_count;bookmark_count;retweet_count;ecosystem":""}
Processing row: {"date;id;text;user_screen_name;favorite_count;bookmark_count;retweet_count;ecosystem":"Assume that a validator has just received block N. We say that:"}
Processing row: {"date;id;text;user_screen_name;favorite_count;bookmark_count;retweet_count;ecosystem":""}
Processing row: {"date;id;text;user_screen_name;favorite_count;bookmark_count;retweet_count;ecosystem":"- Block N is ‘proposed’"}
Processing row: {"date;id;text;user_screen_name;favorite_count;bookmark_count;retweet_count;ecosystem":""}
Processing row: {"date;id;text;user_screen_name;favorite_count;bookmark_count;retweet_count;ecosystem":"- Block N-1 is ‘voted’"}
Processing row: {"date;id;text;user_screen_name;favorite_count;bookmark_count;retweet_count;ecosystem":""}
Processing row: {"date;id;text;user_screen_name;favorite_count;bookmark_count;retweet_count;ecosystem":"- Block N-2 is ‘finalized’ (because block N carries the QC-on-QC of block N-2)"}
Processing row: {"date;id;text;user_screen_name;favorite_count;bookmark_count;retweet_count;ecosystem":""}
Processing row: {"date;id;text;user_screen_name;favorite_count;bookmark_count;retweet_count;ecosystem":"- Block N-2-D is ‘verified’ (because block N-2 carries the merkle root post the transactions in block N-2-D"}
Processing row: {"date;id;text;user_screen_name;favorite_count;bookmark_count;retweet_count;ecosystem":""}
Processing row: {"date;id;text;user_screen_name;favorite_count;bookmark_count;retweet_count;ecosystem":"Note that unlike Ethereum"}
Processing row: {"date;id;text;user_screen_name;favorite_count;bookmark_count;retweet_count;ecosystem":""}
Processing row: {"date;id;text;user_screen_name;favorite_count;bookmark_count;retweet_count;ecosystem":"Speculative execution"}
Processing row: {"date;id;text;user_screen_name;favorite_count;bookmark_count;retweet_count;ecosystem":""}
Processing row: {"date;id;text;user_screen_name;favorite_count;bookmark_count;retweet_count;ecosystem":"Although only block N-2 is ‘finalized’ and can officially be executed"}
Processing row: {"date;id;text;user_screen_name;favorite_count;bookmark_count;retweet_count;ecosystem":""}
Processing row: {"date;id;text;user_screen_name;favorite_count;bookmark_count;retweet_count;ecosystem":"Therefore"}
Processing row: {"date;id;text;user_screen_name;favorite_count;bookmark_count;retweet_count;ecosystem":""}
Processing row: {"date;id;text;user_screen_name;favorite_count;bookmark_count;retweet_count;ecosystem":"Speculative execution allows nodes to (likely) have the most up-to-date state"}
Processing row: {"date;id;text;user_screen_name;favorite_count;bookmark_count;retweet_count;ecosystem":""}
Processing row: {"date;id;text;user_screen_name;favorite_count;bookmark_count;retweet_count;ecosystem":"Optimistic parallel execution"}
Processing row: {"date;id;text;user_screen_name;favorite_count;bookmark_count;retweet_count;ecosystem":""}
Processing row: {"date;id;text;user_screen_name;favorite_count;bookmark_count;retweet_count;ecosystem":"Like in Ethereum"}
Processing row: {"date;id;text;user_screen_name;favorite_count;bookmark_count;retweet_count;ecosystem":""}
Processing row: {"date;id;text;user_screen_name;favorite_count;bookmark_count;retweet_count;ecosystem":"In Monad"}
Processing row: {"date;id;text;user_screen_name;favorite_count;bookmark_count;retweet_count;ecosystem":""}
Processing row: {"date;id;text;user_screen_name;favorite_count;bookmark_count;retweet_count;ecosystem":"Pending results are committed serially"}
Processing row: {"date;id;text;user_screen_name;favorite_count;bookmark_count;retweet_count;ecosystem":""}
Processing row: {"date;id;text;user_screen_name;favorite_count;bookmark_count;retweet_count;ecosystem":"Here's an example of how Optimistic Parallel Execution works:"}
Processing row: {"date;id;text;user_screen_name;favorite_count;bookmark_count;retweet_count;ecosystem":""}
Processing row: {"date;id;text;user_screen_name;favorite_count;bookmark_count;retweet_count;ecosystem":"Assume that prior to the start of a block"}
Processing row: {"date;id;text;user_screen_name;favorite_count;bookmark_count;retweet_count;ecosystem":"- Alice: 1000 USDC"}
Processing row: {"date;id;text;user_screen_name;favorite_count;bookmark_count;retweet_count;ecosystem":"- Bob: 0 USDC"}
Processing row: {"date;id;text;user_screen_name;favorite_count;bookmark_count;retweet_count;ecosystem":"- Charlie: 400 USD"}
Processing row: {"date;id;text;user_screen_name;favorite_count;bookmark_count;retweet_count;ecosystem":"(Note also that each of these balances corresponds to 1 storage slot"}
Processing row: {"date;id;text;user_screen_name;favorite_count;bookmark_count;retweet_count;ecosystem":""}
Processing row: {"date;id;text;user_screen_name;favorite_count;bookmark_count;retweet_count;ecosystem":"Two transactions appear as transaction 0 and 1 in the block:"}
Processing row: {"date;id;text;user_screen_name;favorite_count;bookmark_count;retweet_count;ecosystem":"- Transaction 0: Alice sends 100 USDC to Bob"}
Processing row: {"date;id;text;user_screen_name;favorite_count;bookmark_count;retweet_count;ecosystem":"- Transaction 1: Alice sends 100 USDC to Charlie"}
Processing row: {"date;id;text;user_screen_name;favorite_count;bookmark_count;retweet_count;ecosystem":""}
Processing row: {"date;id;text;user_screen_name;favorite_count;bookmark_count;retweet_count;ecosystem":"Then optimistic parallel execution will produce two pending results:"}
Processing row: {"date;id;text;user_screen_name;favorite_count;bookmark_count;retweet_count;ecosystem":""}
Processing row: {"date;id;text;user_screen_name;favorite_count;bookmark_count;retweet_count;ecosystem":"- PendingResult0: "}
Processing row: {"date;id;text;user_screen_name;favorite_count;bookmark_count;retweet_count;ecosystem":"  * Inputs: Alice = 1000 USDC"}
Processing row: {"date;id;text;user_screen_name;favorite_count;bookmark_count;retweet_count;ecosystem":"  * Outputs: Alice = 900 USDC; Bob = 100 USDC"}
Processing row: {"date;id;text;user_screen_name;favorite_count;bookmark_count;retweet_count;ecosystem":""}
Processing row: {"date;id;text;user_screen_name;favorite_count;bookmark_count;retweet_count;ecosystem":"- PendingResult 1: "}
Processing row: {"date;id;text;user_screen_name;favorite_count;bookmark_count;retweet_count;ecosystem":"  * Inputs: Alice = 1000 USDC; Charlie = 400 USDC"}
Processing row: {"date;id;text;user_screen_name;favorite_count;bookmark_count;retweet_count;ecosystem":"  * Outputs: Alice = 900 USDC"}
Processing row: {"date;id;text;user_screen_name;favorite_count;bookmark_count;retweet_count;ecosystem":""}
Processing row: {"date;id;text;user_screen_name;favorite_count;bookmark_count;retweet_count;ecosystem":"When we go to commit these pending results:"}
Processing row: {"date;id;text;user_screen_name;favorite_count;bookmark_count;retweet_count;ecosystem":""}
Processing row: {"date;id;text;user_screen_name;favorite_count;bookmark_count;retweet_count;ecosystem":"- PendingResult 0 is committed successfully"}
Processing row: {"date;id;text;user_screen_name;favorite_count;bookmark_count;retweet_count;ecosystem":""}
Processing row: {"date;id;text;user_screen_name;favorite_count;bookmark_count;retweet_count;ecosystem":"- PendingResult 1 cannot be committed because now one of the inputs conflicts (Alice was assumed to have 1000"}
Processing row: {"date;id;text;user_screen_name;favorite_count;bookmark_count;retweet_count;ecosystem":""}
Processing row: {"date;id;text;user_screen_name;favorite_count;bookmark_count;retweet_count;ecosystem":"So transaction 1 is re-executed"}
Processing row: {"date;id;text;user_screen_name;favorite_count;bookmark_count;retweet_count;ecosystem":""}
Processing row: {"date;id;text;user_screen_name;favorite_count;bookmark_count;retweet_count;ecosystem":"Final result:"}
Processing row: {"date;id;text;user_screen_name;favorite_count;bookmark_count;retweet_count;ecosystem":"- Alice: 800 USDC"}
Processing row: {"date;id;text;user_screen_name;favorite_count;bookmark_count;retweet_count;ecosystem":"- Bob: 100 USDC"}
Processing row: {"date;id;text;user_screen_name;favorite_count;bookmark_count;retweet_count;ecosystem":"- Charlie: 500 USDC"}
Processing row: {"date;id;text;user_screen_name;favorite_count;bookmark_count;retweet_count;ecosystem":""}
Processing row: {"date;id;text;user_screen_name;favorite_count;bookmark_count;retweet_count;ecosystem":"Note that in optimistic parallel execution"}
Processing row: {"date;id;text;user_screen_name;favorite_count;bookmark_count;retweet_count;ecosystem":""}
Processing row: {"date;id;text;user_screen_name;favorite_count;bookmark_count;retweet_count;ecosystem":"Re-execution is typically cheap because storage slots are usually in cache. It is only when re-execution triggers a different codepath (requiring a different slot) that execution has to read a storage slot from SSD"}
Processing row: {"date;id;text;user_screen_name;favorite_count;bookmark_count;retweet_count;ecosystem":""}
Processing row: {"date;id;text;user_screen_name;favorite_count;bookmark_count;retweet_count;ecosystem":"MonadDb"}
Processing row: {"date;id;text;user_screen_name;favorite_count;bookmark_count;retweet_count;ecosystem":""}
Processing row: {"date;id;text;user_screen_name;favorite_count;bookmark_count;retweet_count;ecosystem":"As in Ethereum"}
Processing row: {"date;id;text;user_screen_name;favorite_count;bookmark_count;retweet_count;ecosystem":""}
Processing row: {"date;id;text;user_screen_name;favorite_count;bookmark_count;retweet_count;ecosystem":"This differs from existing clients [which embed the merkle trie inside of a commodity database which itself uses a tree structure]"}
Processing row: {"date;id;text;user_screen_name;favorite_count;bookmark_count;retweet_count;ecosystem":""}
Processing row: {"date;id;text;user_screen_name;favorite_count;bookmark_count;retweet_count;ecosystem":"MonadDb is a significant optimization because it eliminates a level of indirection"}
Processing row: {"date;id;text;user_screen_name;favorite_count;bookmark_count;retweet_count;ecosystem":""}
Processing row: {"date;id;text;user_screen_name;favorite_count;bookmark_count;retweet_count;ecosystem":"State access [SLOAD and SSTORE] is the biggest bottleneck for execution"}
Processing row: {"date;id;text;user_screen_name;favorite_count;bookmark_count;retweet_count;ecosystem":"- it reduces the number of iops to read or write one value"}
Processing row: {"date;id;text;user_screen_name;favorite_count;bookmark_count;retweet_count;ecosystem":"- it makes recomputing the merkle root a lot faster"}
Processing row: {"date;id;text;user_screen_name;favorite_count;bookmark_count;retweet_count;ecosystem":"- and it supports many parallel reads which the parallel execution system can take advantage of"}
Processing row: {"date;id;text;user_screen_name;favorite_count;bookmark_count;retweet_count;ecosystem":""}
Processing row: {"date;id;text;user_screen_name;favorite_count;bookmark_count;retweet_count;ecosystem":"Synergies between optimistic parallel execution and MonadDb"}
Processing row: {"date;id;text;user_screen_name;favorite_count;bookmark_count;retweet_count;ecosystem":""}
Processing row: {"date;id;text;user_screen_name;favorite_count;bookmark_count;retweet_count;ecosystem":"Optimistic parallel execution can be thought of as surfacing many storage slot dependencies – all of the inputs and outputs of the pending results – in parallel and pulling them into the cache"}
Processing row: {"date;id;text;user_screen_name;favorite_count;bookmark_count;retweet_count;ecosystem":""}
Processing row: {"date;id;text;user_screen_name;favorite_count;bookmark_count;retweet_count;ecosystem":"Even in the worst case where every pending result’s inputs are invalidated and the transaction has to be re-executed"}
Processing row: {"date;id;text;user_screen_name;favorite_count;bookmark_count;retweet_count;ecosystem":""}
Processing row: {"date;id;text;user_screen_name;favorite_count;bookmark_count;retweet_count;ecosystem":"This makes optimistic parallel execution and MonadDb work really well together"}
Processing row: {"date;id;text;user_screen_name;favorite_count;bookmark_count;retweet_count;ecosystem":""}
Processing row: {"date;id;text;user_screen_name;favorite_count;bookmark_count;retweet_count;ecosystem":"Bootstrapping a node (Statesync/Blocksync)"}
Processing row: {"date;id;text;user_screen_name;favorite_count;bookmark_count;retweet_count;ecosystem":""}
Processing row: {"date;id;text;user_screen_name;favorite_count;bookmark_count;retweet_count;ecosystem":"High throughput means a long transaction history which makes replaying from genesis challenging"}
Processing row: {"date;id;text;user_screen_name;favorite_count;bookmark_count;retweet_count;ecosystem":""}
Processing row: {"date;id;text;user_screen_name;favorite_count;bookmark_count;retweet_count;ecosystem":"Most node operators will prefer to initialize their nodes by copying over recent state from other nodes and only replaying the last mile. This is what statesync accomplishes"}
Processing row: {"date;id;text;user_screen_name;favorite_count;bookmark_count;retweet_count;ecosystem":""}
Processing row: {"date;id;text;user_screen_name;favorite_count;bookmark_count;retweet_count;ecosystem":"In statesync"}
Processing row: {"date;id;text;user_screen_name;favorite_count;bookmark_count;retweet_count;ecosystem":""}
Processing row: {"date;id;text;user_screen_name;favorite_count;bookmark_count;retweet_count;ecosystem":"MonadDb has versioning on each node in the trie. Servers use this version information to identify which trie components need to be sent"}
Processing row: {"date;id;text;user_screen_name;favorite_count;bookmark_count;retweet_count;ecosystem":""}
Processing row: {"date;id;text;user_screen_name;favorite_count;bookmark_count;retweet_count;ecosystem":"Nodes can also request blocks from their peers in a protocol called blocksync. This is used if a block is missed (not enough chunks arrived)"}
Processing row: {"date;id;text;user_screen_name;favorite_count;bookmark_count;retweet_count;ecosystem":""}
Processing row: {"date;id;text;user_screen_name;favorite_count;bookmark_count;retweet_count;ecosystem":"Thanks for reading and be sure to check out the docs\";keoneHD;1564;638;409;ethereum"}
Processing row: {"date;id;text;user_screen_name;favorite_count;bookmark_count;retweet_count;ecosystem":"2025-02-18;1891746208533655567;Adin Ross was right https://t.co/NYRRS9Sb8h;CirrusNFT;2672;358;79;nft"}
Processing row: {"date;id;text;user_screen_name;favorite_count;bookmark_count;retweet_count;ecosystem":"2025-02-18;1891736780119904420;\"If you own any Solana"}
Processing row: {"date;id;text;user_screen_name;favorite_count;bookmark_count;retweet_count;ecosystem":""}
Processing row: {"date;id;text;user_screen_name;favorite_count;bookmark_count;retweet_count;ecosystem":"A short video on why $SOL has topped and why I'm shorting it to zero"}
Processing row: {"date;id;text;user_screen_name;favorite_count;bookmark_count;retweet_count;ecosystem":""}
Processing row: {"date;id;text;user_screen_name;favorite_count;bookmark_count;retweet_count;ecosystem":"From a trader who has publicly sold every major top over the past 5 years https://t.co/Jo5J5Adrsk\";brandank_cr;3950;2835;321;solana"}
Processing row: {"date;id;text;user_screen_name;favorite_count;bookmark_count;retweet_count;ecosystem":"2025-02-18;1891736780119904420;\"If you own any Solana"}
Processing row: {"date;id;text;user_screen_name;favorite_count;bookmark_count;retweet_count;ecosystem":""}
Processing row: {"date;id;text;user_screen_name;favorite_count;bookmark_count;retweet_count;ecosystem":"A short video on why $SOL has topped and why I'm shorting it to zero"}
Processing row: {"date;id;text;user_screen_name;favorite_count;bookmark_count;retweet_count;ecosystem":""}
Processing row: {"date;id;text;user_screen_name;favorite_count;bookmark_count;retweet_count;ecosystem":"From a trader who has publicly sold every major top over the past 5 years https://t.co/Jo5J5Adrsk\";brandank_cr;3681;2659;289;solana"}
Processing row: {"date;id;text;user_screen_name;favorite_count;bookmark_count;retweet_count;ecosystem":"2025-02-18;1891868140696437089;\"The biggest Solana scandal since FTX"}
Processing row: {"date;id;text;user_screen_name;favorite_count;bookmark_count;retweet_count;ecosystem":""}
Processing row: {"date;id;text;user_screen_name;favorite_count;bookmark_count;retweet_count;ecosystem":"A founder steps down"}
Processing row: {"date;id;text;user_screen_name;favorite_count;bookmark_count;retweet_count;ecosystem":"$200M drained from crypto"}
Processing row: {"date;id;text;user_screen_name;favorite_count;bookmark_count;retweet_count;ecosystem":""}
Processing row: {"date;id;text;user_screen_name;favorite_count;bookmark_count;retweet_count;ecosystem":"Here’s the story of how Meteora and JUP got caught in the LIBRA scam🧵"}
Processing row: {"date;id;text;user_screen_name;favorite_count;bookmark_count;retweet_count;ecosystem":""}
Processing row: {"date;id;text;user_screen_name;favorite_count;bookmark_count;retweet_count;ecosystem":"(1/9) https://t.co/WrU7bUMHXg\";StarPlatinumSOL;6626;3128;1042;solana"}
Processing row: {"date;id;text;user_screen_name;favorite_count;bookmark_count;retweet_count;ecosystem":"2025-02-18;1891868140696437089;\"The biggest Solana scandal since FTX"}
Processing row: {"date;id;text;user_screen_name;favorite_count;bookmark_count;retweet_count;ecosystem":""}
Processing row: {"date;id;text;user_screen_name;favorite_count;bookmark_count;retweet_count;ecosystem":"A founder steps down"}
Processing row: {"date;id;text;user_screen_name;favorite_count;bookmark_count;retweet_count;ecosystem":"$200M drained from crypto"}
Processing row: {"date;id;text;user_screen_name;favorite_count;bookmark_count;retweet_count;ecosystem":""}
Processing row: {"date;id;text;user_screen_name;favorite_count;bookmark_count;retweet_count;ecosystem":"Here’s the story of how Meteora and JUP got caught in the LIBRA scam🧵"}
Processing row: {"date;id;text;user_screen_name;favorite_count;bookmark_count;retweet_count;ecosystem":""}
Processing row: {"date;id;text;user_screen_name;favorite_count;bookmark_count;retweet_count;ecosystem":"(1/9) https://t.co/WrU7bUMHXg\";StarPlatinumSOL;8070;3849;1310;solana"}
Processing row: {"date;id;text;user_screen_name;favorite_count;bookmark_count;retweet_count;ecosystem":"2025-02-17;1891327208741806151;\"\"\"Asymmetric opportunities:"}
Processing row: {"date;id;text;user_screen_name;favorite_count;bookmark_count;retweet_count;ecosystem":""}
Processing row: {"date;id;text;user_screen_name;favorite_count;bookmark_count;retweet_count;ecosystem":"Invest in startups"}
Processing row: {"date;id;text;user_screen_name;favorite_count;bookmark_count;retweet_count;ecosystem":"Start a company"}
Processing row: {"date;id;text;user_screen_name;favorite_count;bookmark_count;retweet_count;ecosystem":"Create a book"}
Processing row: {"date;id;text;user_screen_name;favorite_count;bookmark_count;retweet_count;ecosystem":"Create a (software) product"}
Processing row: {"date;id;text;user_screen_name;favorite_count;bookmark_count;retweet_count;ecosystem":"Go on many first dates"}
Processing row: {"date;id;text;user_screen_name;favorite_count;bookmark_count;retweet_count;ecosystem":"Go to a cocktail party"}
Processing row: {"date;id;text;user_screen_name;favorite_count;bookmark_count;retweet_count;ecosystem":"Read a Lindy book"}
Processing row: {"date;id;text;user_screen_name;favorite_count;bookmark_count;retweet_count;ecosystem":"Move to a big city"}
Processing row: {"date;id;text;user_screen_name;favorite_count;bookmark_count;retweet_count;ecosystem":"Buy Bitcoin"}
Processing row: {"date;id;text;user_screen_name;favorite_count;bookmark_count;retweet_count;ecosystem":"Tweet.\"\" "}
Processing row: {"date;id;text;user_screen_name;favorite_count;bookmark_count;retweet_count;ecosystem":""}
Processing row: {"date;id;text;user_screen_name;favorite_count;bookmark_count;retweet_count;ecosystem":"@naval\";NavalismHQ;3683;2196;469;bitcoin"}
Processing row: {"date;id;text;user_screen_name;favorite_count;bookmark_count;retweet_count;ecosystem":"2025-02-17;1891349235888504990;\"BREAKING: The Reserve Bank of Australia confirmed the existence of fake #Gold bars being held at the Bank of England. "}
Processing row: {"date;id;text;user_screen_name;favorite_count;bookmark_count;retweet_count;ecosystem":""}
Processing row: {"date;id;text;user_screen_name;favorite_count;bookmark_count;retweet_count;ecosystem":"Don’t trust"}
Processing row: {"date;id;text;user_screen_name;favorite_count;bookmark_count;retweet_count;ecosystem":"2025-02-17;1891389046682784125;\"💥BREAKING: "}
Processing row: {"date;id;text;user_screen_name;favorite_count;bookmark_count;retweet_count;ecosystem":""}
Processing row: {"date;id;text;user_screen_name;favorite_count;bookmark_count;retweet_count;ecosystem":"FTX REPAYMENTS WILL START TOMORROW! 🚨"}
Processing row: {"date;id;text;user_screen_name;favorite_count;bookmark_count;retweet_count;ecosystem":""}
Processing row: {"date;id;text;user_screen_name;favorite_count;bookmark_count;retweet_count;ecosystem":"$18"}
Processing row: {"date;id;text;user_screen_name;favorite_count;bookmark_count;retweet_count;ecosystem":""}
Processing row: {"date;id;text;user_screen_name;favorite_count;bookmark_count;retweet_count;ecosystem":"THIS IS MASSIVE! 🚀 https://t.co/O3vsqYxjuT\";rovercrc;7685;464;1560;bitcoin"}
Processing row: {"date;id;text;user_screen_name;favorite_count;bookmark_count;retweet_count;ecosystem":"2025-02-17;1891440096970264947;\"Why are so many shocked by devs not playing by the rules? "}
Processing row: {"date;id;text;user_screen_name;favorite_count;bookmark_count;retweet_count;ecosystem":""}
Processing row: {"date;id;text;user_screen_name;favorite_count;bookmark_count;retweet_count;ecosystem":"Let me just remind you of this: https://t.co/YAIfQbn3Hg\";Defi_Warhol;6197;908;832;defi"}
Processing row: {"date;id;text;user_screen_name;favorite_count;bookmark_count;retweet_count;ecosystem":"2025-02-17;1891634661748527554;\"🚨 BREAKING: SolanaFloor has obtained exclusive video evidence exposing a $200M+ memecoin extraction scheme tied to @KelsierVentures "}
Processing row: {"date;id;text;user_screen_name;favorite_count;bookmark_count;retweet_count;ecosystem":""}
Processing row: {"date;id;text;user_screen_name;favorite_count;bookmark_count;retweet_count;ecosystem":"The footage"}
Processing row: {"date;id;text;user_screen_name;favorite_count;bookmark_count;retweet_count;ecosystem":"2025-02-17;1891553253201965505;\"PI Network is officially listing on Feb 20 at 8:00 UTC! "}
Processing row: {"date;id;text;user_screen_name;favorite_count;bookmark_count;retweet_count;ecosystem":""}
Processing row: {"date;id;text;user_screen_name;favorite_count;bookmark_count;retweet_count;ecosystem":"✅ Spot Trading: PI/USDT (DePIN & Meme Zone) "}
Processing row: {"date;id;text;user_screen_name;favorite_count;bookmark_count;retweet_count;ecosystem":"✅ Perpetual Futures: Industry’s highest leverage "}
Processing row: {"date;id;text;user_screen_name;favorite_count;bookmark_count;retweet_count;ecosystem":"✅ Exclusive trading rewards!  "}
Processing row: {"date;id;text;user_screen_name;favorite_count;bookmark_count;retweet_count;ecosystem":""}
Processing row: {"date;id;text;user_screen_name;favorite_count;bookmark_count;retweet_count;ecosystem":"📍 Deposits open: Feb 19 at 10:00 UTC "}
Processing row: {"date;id;text;user_screen_name;favorite_count;bookmark_count;retweet_count;ecosystem":"📍 Withdrawals start: Feb 21 at 10:00 UTC  "}
Processing row: {"date;id;text;user_screen_name;favorite_count;bookmark_count;retweet_count;ecosystem":""}
Processing row: {"date;id;text;user_screen_name;favorite_count;bookmark_count;retweet_count;ecosystem":"Who’s ready to trade $PI? 👀\";CoinWOfficial;2162;48;400;depin"}
Processing row: {"date;id;text;user_screen_name;favorite_count;bookmark_count;retweet_count;ecosystem":"2025-02-17;1891474045402575010;Someone spent 1.38 million dollars worth of ethereum to tell the world that there is Chinese-Grade Neuralink and its already been mass implanted into their military and workforce to control them like bugs https://t.co/dY9vSDhbtq;basedspinach;71688;20441;7902;ethereum"}
Processing row: {"date;id;text;user_screen_name;favorite_count;bookmark_count;retweet_count;ecosystem":"2025-02-17;1891474045402575010;Someone spent 1.38 million dollars worth of ethereum to tell the world that there is Chinese-Grade Neuralink and its already been mass implanted into their military and workforce to control them like bugs https://t.co/dY9vSDhbtq;basedspinach;71252;20293;7844;ethereum"}
Processing row: {"date;id;text;user_screen_name;favorite_count;bookmark_count;retweet_count;ecosystem":"2025-02-17;1891305808152899965;\"Crypto Wallets are coming to Xbox / PlayStation "}
Processing row: {"date;id;text;user_screen_name;favorite_count;bookmark_count;retweet_count;ecosystem":""}
Processing row: {"date;id;text;user_screen_name;favorite_count;bookmark_count;retweet_count;ecosystem":"Every game will have crypto enabled features where you can extract and import crypto/NFT’s from game to game."}
Processing row: {"date;id;text;user_screen_name;favorite_count;bookmark_count;retweet_count;ecosystem":""}
Processing row: {"date;id;text;user_screen_name;favorite_count;bookmark_count;retweet_count;ecosystem":"There will be a new marketplace for crypto traders. https://t.co/5TmhWNc7ZA\";ChadSteingraber;1710;261;422;nft"}
Processing row: {"date;id;text;user_screen_name;favorite_count;bookmark_count;retweet_count;ecosystem":"2025-02-17;1891586332100788301;\"A funny story about the $LIBRA orchestrator Hayden Davis. "}
Processing row: {"date;id;text;user_screen_name;favorite_count;bookmark_count;retweet_count;ecosystem":""}
Processing row: {"date;id;text;user_screen_name;favorite_count;bookmark_count;retweet_count;ecosystem":"A long time ago I met him to launch a NFT collection for $MAHA. Hayden invited me to a fancy sushi restaurant in LA for dinner called Nobu which was pretty famous."}
Processing row: {"date;id;text;user_screen_name;favorite_count;bookmark_count;retweet_count;ecosystem":""}
Processing row: {"date;id;text;user_screen_name;favorite_count;bookmark_count;retweet_count;ecosystem":"During the meet"}
Processing row: {"date;id;text;user_screen_name;favorite_count;bookmark_count;retweet_count;ecosystem":""}
Processing row: {"date;id;text;user_screen_name;favorite_count;bookmark_count;retweet_count;ecosystem":"We spoke a bit"}
Processing row: {"date;id;text;user_screen_name;favorite_count;bookmark_count;retweet_count;ecosystem":""}
Processing row: {"date;id;text;user_screen_name;favorite_count;bookmark_count;retweet_count;ecosystem":"When it came time to pay the bill"}
Processing row: {"date;id;text;user_screen_name;favorite_count;bookmark_count;retweet_count;ecosystem":""}
Processing row: {"date;id;text;user_screen_name;favorite_count;bookmark_count;retweet_count;ecosystem":"I looked around my seat and surprisingly saw him hiding far away near washrooms peaking at our table. "}
Processing row: {"date;id;text;user_screen_name;favorite_count;bookmark_count;retweet_count;ecosystem":""}
Processing row: {"date;id;text;user_screen_name;favorite_count;bookmark_count;retweet_count;ecosystem":"Was he waiting for me to foot the bill? 😂 After inviting me over to an expensive sushi restaurant and eating all the food?"}
Processing row: {"date;id;text;user_screen_name;favorite_count;bookmark_count;retweet_count;ecosystem":""}
Processing row: {"date;id;text;user_screen_name;favorite_count;bookmark_count;retweet_count;ecosystem":"I don't know how it's like in America"}
Processing row: {"date;id;text;user_screen_name;favorite_count;bookmark_count;retweet_count;ecosystem":""}
Processing row: {"date;id;text;user_screen_name;favorite_count;bookmark_count;retweet_count;ecosystem":"I decided it was getting to late so I'd pay the bill myself."}
Processing row: {"date;id;text;user_screen_name;favorite_count;bookmark_count;retweet_count;ecosystem":""}
Processing row: {"date;id;text;user_screen_name;favorite_count;bookmark_count;retweet_count;ecosystem":"It was 2000$ 😂 I was pretty broke then (ngl) but whatever I sucked it up and paid the bill."}
Processing row: {"date;id;text;user_screen_name;favorite_count;bookmark_count;retweet_count;ecosystem":""}
Processing row: {"date;id;text;user_screen_name;favorite_count;bookmark_count;retweet_count;ecosystem":"As soon as I did"}
Processing row: {"date;id;text;user_screen_name;favorite_count;bookmark_count;retweet_count;ecosystem":""}
Processing row: {"date;id;text;user_screen_name;favorite_count;bookmark_count;retweet_count;ecosystem":"Whatever man..."}
Processing row: {"date;id;text;user_screen_name;favorite_count;bookmark_count;retweet_count;ecosystem":""}
Processing row: {"date;id;text;user_screen_name;favorite_count;bookmark_count;retweet_count;ecosystem":"After that he then went ahead screwed up my NTF launch 😂. "}
Processing row: {"date;id;text;user_screen_name;favorite_count;bookmark_count;retweet_count;ecosystem":""}
Processing row: {"date;id;text;user_screen_name;favorite_count;bookmark_count;retweet_count;ecosystem":"I should've known better.\";senamakel;7293;1198;722;nft"}
Processing row: {"date;id;text;user_screen_name;favorite_count;bookmark_count;retweet_count;ecosystem":"2025-02-17;1891634661748527554;\"🚨 BREAKING: SolanaFloor has obtained exclusive video evidence exposing a $200M+ memecoin extraction scheme tied to @KelsierVentures "}
Processing row: {"date;id;text;user_screen_name;favorite_count;bookmark_count;retweet_count;ecosystem":""}
Processing row: {"date;id;text;user_screen_name;favorite_count;bookmark_count;retweet_count;ecosystem":"The footage"}
Processing row: {"date;id;text;user_screen_name;favorite_count;bookmark_count;retweet_count;ecosystem":"2025-02-15;1890555750688129106;\"Argentina saw 50"}
Processing row: {"date;id;text;user_screen_name;favorite_count;bookmark_count;retweet_count;ecosystem":""}
Processing row: {"date;id;text;user_screen_name;favorite_count;bookmark_count;retweet_count;ecosystem":"“Since no ones going to fuck them today"}
Processing row: {"date;id;text;user_screen_name;favorite_count;bookmark_count;retweet_count;ecosystem":"2025-02-14;1890200435736125504;\"People this is the most bullish crypto has ever been. @binance just dumped $4b of Bitcoin and alt coins to pay their DOJ fines and the prices didnt drop much. Binance are now done selling and have paid their debts to the US government. Several ETFs will be listed in the next weeks"}
Processing row: {"date;id;text;user_screen_name;favorite_count;bookmark_count;retweet_count;ecosystem":""}
Processing row: {"date;id;text;user_screen_name;favorite_count;bookmark_count;retweet_count;ecosystem":"If you are feeling bearish"}
Processing row: {"date;id;text;user_screen_name;favorite_count;bookmark_count;retweet_count;ecosystem":""}
Processing row: {"date;id;text;user_screen_name;favorite_count;bookmark_count;retweet_count;ecosystem":"Accumulate crypto before quantative easing estimated mid March to mid April timeframe.\";martypartymusic;4963;476;747;bitcoin"}
Processing row: {"date;id;text;user_screen_name;favorite_count;bookmark_count;retweet_count;ecosystem":"2025-02-14;1890213117554229389;\"Her: i'm home alone"}
Processing row: {"date;id;text;user_screen_name;favorite_count;bookmark_count;retweet_count;ecosystem":""}
Processing row: {"date;id;text;user_screen_name;favorite_count;bookmark_count;retweet_count;ecosystem":"Me on the way to the Bitcoin conference : https://t.co/BYvvg0jD5x\";naiivememe;4553;563;383;bitcoin"}
Processing row: {"date;id;text;user_screen_name;favorite_count;bookmark_count;retweet_count;ecosystem":"2025-02-14;1890194506261442594;The Secret Formula to Crypto Defi REVEALED: https://t.co/fnUnooHfE5;TateOfficialUni;7817;1743;407;defi"}
Processing row: {"date;id;text;user_screen_name;favorite_count;bookmark_count;retweet_count;ecosystem":"2025-02-14;1890219849088966834;\"🚨 BREAKING: Elon Musk is rumored to be eyeing a $104 billion investment in $XRP"}
Processing row: {"date;id;text;user_screen_name;favorite_count;bookmark_count;retweet_count;ecosystem":""}
Processing row: {"date;id;text;user_screen_name;favorite_count;bookmark_count;retweet_count;ecosystem":" The #XRPL is gearing up to process a staggering $1 TRILLION in DeFi transactions"}
Processing row: {"date;id;text;user_screen_name;favorite_count;bookmark_count;retweet_count;ecosystem":""}
Processing row: {"date;id;text;user_screen_name;favorite_count;bookmark_count;retweet_count;ecosystem":"If CTF token captures just a fraction of XRP’s market"}
Processing row: {"date;id;text;user_screen_name;favorite_count;bookmark_count;retweet_count;ecosystem":""}
Processing row: {"date;id;text;user_screen_name;favorite_count;bookmark_count;retweet_count;ecosystem":"Don’t Miss Out—Start Trading CTF Today: https://t.co/3Q5WHpRca1\";MRKingXRP;3271;310;706;defi"}
Processing row: {"date;id;text;user_screen_name;favorite_count;bookmark_count;retweet_count;ecosystem":"2025-02-13;1890004020292391270;\"DETAILED WRITEUP ON WHAT MONAD IS BUILDING AND WHY YOU SHOULD BE BULLISH"}
Processing row: {"date;id;text;user_screen_name;favorite_count;bookmark_count;retweet_count;ecosystem":""}
Processing row: {"date;id;text;user_screen_name;favorite_count;bookmark_count;retweet_count;ecosystem":"@monad_xyz is building a high-performance Ethereum Virtual Machine (EVM)-compatible Layer 1 blockchain solution. "}
Processing row: {"date;id;text;user_screen_name;favorite_count;bookmark_count;retweet_count;ecosystem":""}
Processing row: {"date;id;text;user_screen_name;favorite_count;bookmark_count;retweet_count;ecosystem":"Here's a detailed breakdown of what they're aiming to achieve 🧵 👇\";farmercist_eth;1125;628;159;ethereum"}
Processing row: {"date;id;text;user_screen_name;favorite_count;bookmark_count;retweet_count;ecosystem":"2025-02-13;1890004020292391270;\"DETAILED WRITEUP ON WHAT MONAD IS BUILDING AND WHY YOU SHOULD BE BULLISH"}
Processing row: {"date;id;text;user_screen_name;favorite_count;bookmark_count;retweet_count;ecosystem":""}
Processing row: {"date;id;text;user_screen_name;favorite_count;bookmark_count;retweet_count;ecosystem":"@monad_xyz is building a high-performance Ethereum Virtual Machine (EVM)-compatible Layer 1 blockchain solution. "}
Processing row: {"date;id;text;user_screen_name;favorite_count;bookmark_count;retweet_count;ecosystem":""}
Processing row: {"date;id;text;user_screen_name;favorite_count;bookmark_count;retweet_count;ecosystem":"Here's a detailed breakdown of what they're aiming to achieve 🧵 👇\";farmercist_eth;1102;630;156;ethereum"}
Processing row: {"date;id;text;user_screen_name;favorite_count;bookmark_count;retweet_count;ecosystem":"2025-02-13;1889990887540990303;\"📡 Hub AI Agent [#03]"}
Processing row: {"date;id;text;user_screen_name;favorite_count;bookmark_count;retweet_count;ecosystem":""}
Processing row: {"date;id;text;user_screen_name;favorite_count;bookmark_count;retweet_count;ecosystem":"&gt;_ Initiates are gathering at NFT Paris. Which events"}
Parsed data (first 2 rows): [{"date;id;text;user_screen_name;favorite_count;bookmark_count;retweet_count;ecosystem":"2025-02-18;1891672349054836898;\"this is the wildest thing i’ve ever heard"},{"date;id;text;user_screen_name;favorite_count;bookmark_count;retweet_count;ecosystem":""}]
